<?xml version="1.0" encoding="UTF-8"?>
<!-- Generated by org.testng.reporters.JUnitXMLReporter -->
<testsuite ignored="0" hostname="SOS-LT-058" failures="0" tests="3" name="Test" time="15.399" errors="0" timestamp="2025-07-28T20:33:25 IST">
  <testcase classname="testcases.HomePageTest" name="Validate_HomePage_Title" time="0.059"/>
  <testcase classname="testcases.HomePageTest" name="Validate_HomePage_logo" time="0.093"/>
  <testcase classname="testcases.HomePageTest" name="Validate_Social_Media" time="0.106"/>
</testsuite> <!-- Test -->
