<?xml version="1.0" encoding="UTF-8"?>
<testng-results ignored="0" total="6" passed="5" failed="1" skipped="0">
  <reporter-output>
  </reporter-output>
  <suite started-at="2025-08-06T23:12:49 IST" name="Check ECom Site" finished-at="2025-08-06T23:13:08 IST" duration-ms="19157">
    <groups>
    </groups>
    <test started-at="2025-08-06T23:12:49 IST" name="Test" finished-at="2025-08-06T23:13:08 IST" duration-ms="19157">
      <class name="testcases.HomePageTest">
        <test-method is-config="true" signature="Setup()[pri:0, instance:testcases.HomePageTest@60bd273d]" started-at="2025-08-06T23:12:49 IST" name="Setup" finished-at="2025-08-06T23:13:03 IST" duration-ms="13661" status="PASS">
          <reporter-output>
          </reporter-output>
        </test-method> <!-- Setup -->
        <test-method signature="Validate_HomePage_Title()[pri:1, instance:testcases.HomePageTest@60bd273d]" started-at="2025-08-06T23:13:03 IST" name="Validate_HomePage_Title" finished-at="2025-08-06T23:13:03 IST" duration-ms="71" status="PASS">
          <reporter-output>
          </reporter-output>
        </test-method> <!-- Validate_HomePage_Title -->
        <test-method signature="Validate_HomePage_logo()[pri:2, instance:testcases.HomePageTest@60bd273d]" started-at="2025-08-06T23:13:03 IST" name="Validate_HomePage_logo" finished-at="2025-08-06T23:13:04 IST" depends-on-methods="testcases.HomePageTest.Validate_HomePage_Title" duration-ms="85" status="PASS">
          <reporter-output>
          </reporter-output>
        </test-method> <!-- Validate_HomePage_logo -->
        <test-method signature="Validate_Social_Media()[pri:3, instance:testcases.HomePageTest@60bd273d]" started-at="2025-08-06T23:13:04 IST" name="Validate_Social_Media" finished-at="2025-08-06T23:13:04 IST" duration-ms="110" status="PASS">
          <reporter-output>
          </reporter-output>
        </test-method> <!-- Validate_Social_Media -->
        <test-method signature="Validate_ManuText()[pri:4, instance:testcases.HomePageTest@60bd273d]" started-at="2025-08-06T23:13:04 IST" name="Validate_ManuText" finished-at="2025-08-06T23:13:04 IST" duration-ms="249" status="PASS">
          <reporter-output>
          </reporter-output>
        </test-method> <!-- Validate_ManuText -->
        <test-method signature="Validate_Get_Product_Text()[pri:5, instance:testcases.HomePageTest@60bd273d]" started-at="2025-08-06T23:13:05 IST" name="Validate_Get_Product_Text" finished-at="2025-08-06T23:13:05 IST" duration-ms="127" status="PASS">
          <reporter-output>
          </reporter-output>
        </test-method> <!-- Validate_Get_Product_Text -->
        <test-method signature="Validate_Search_Product_Functionality()[pri:6, instance:testcases.HomePageTest@60bd273d]" started-at="2025-08-06T23:13:05 IST" name="Validate_Search_Product_Functionality" finished-at="2025-08-06T23:13:06 IST" duration-ms="1482" status="FAIL">
          <exception class="org.openqa.selenium.ElementClickInterceptedException">
            <message>
              <![CDATA[element click intercepted: Element is not clickable at point (1244, -1549)
  (Session info: chrome=138.0.7204.185)
Build info: version: '4.33.0', revision: '2c6aaad03a'
System info: os.name: 'Windows 10', os.arch: 'amd64', os.version: '10.0', java.version: '21.0.4'
Driver info: org.openqa.selenium.chrome.ChromeDriver
Command: [26b055ce0b63c774b6c1172415abbe3e, clickElement {id=f.2137F189DFCA7C641457CD8CBDD8E808.d.4C0AEAC5E5252D7CAD9F0CC63FFA473A.e.427}]
Capabilities {acceptInsecureCerts: false, browserName: chrome, browserVersion: 138.0.7204.185, chrome: {chromedriverVersion: 138.0.7204.183 (e90faf484dd..., userDataDir: C:\Users\1183\AppData\Local...}, fedcm:accounts: true, goog:chromeOptions: {debuggerAddress: localhost:60306}, networkConnectionEnabled: false, pageLoadStrategy: normal, platformName: windows, proxy: Proxy(), se:cdp: ws://localhost:60306/devtoo..., se:cdpVersion: 138.0.7204.185, setWindowRect: true, strictFileInteractability: false, timeouts: {implicit: 0, pageLoad: 300000, script: 30000}, unhandledPromptBehavior: dismiss and notify, webauthn:extension:credBlob: true, webauthn:extension:largeBlob: true, webauthn:extension:minPinLength: true, webauthn:extension:prf: true, webauthn:virtualAuthenticators: true}
Element: [[ChromeDriver: chrome on windows (26b055ce0b63c774b6c1172415abbe3e)] -> xpath: //button[@data-id='search']]
Session ID: 26b055ce0b63c774b6c1172415abbe3e]]>
            </message>
            <full-stacktrace>
              <![CDATA[org.openqa.selenium.ElementClickInterceptedException: element click intercepted: Element is not clickable at point (1244, -1549)
  (Session info: chrome=138.0.7204.185)
Build info: version: '4.33.0', revision: '2c6aaad03a'
System info: os.name: 'Windows 10', os.arch: 'amd64', os.version: '10.0', java.version: '21.0.4'
Driver info: org.openqa.selenium.chrome.ChromeDriver
Command: [26b055ce0b63c774b6c1172415abbe3e, clickElement {id=f.2137F189DFCA7C641457CD8CBDD8E808.d.4C0AEAC5E5252D7CAD9F0CC63FFA473A.e.427}]
Capabilities {acceptInsecureCerts: false, browserName: chrome, browserVersion: 138.0.7204.185, chrome: {chromedriverVersion: 138.0.7204.183 (e90faf484dd..., userDataDir: C:\Users\1183\AppData\Local...}, fedcm:accounts: true, goog:chromeOptions: {debuggerAddress: localhost:60306}, networkConnectionEnabled: false, pageLoadStrategy: normal, platformName: windows, proxy: Proxy(), se:cdp: ws://localhost:60306/devtoo..., se:cdpVersion: 138.0.7204.185, setWindowRect: true, strictFileInteractability: false, timeouts: {implicit: 0, pageLoad: 300000, script: 30000}, unhandledPromptBehavior: dismiss and notify, webauthn:extension:credBlob: true, webauthn:extension:largeBlob: true, webauthn:extension:minPinLength: true, webauthn:extension:prf: true, webauthn:virtualAuthenticators: true}
Element: [[ChromeDriver: chrome on windows (26b055ce0b63c774b6c1172415abbe3e)] -> xpath: //button[@data-id='search']]
Session ID: 26b055ce0b63c774b6c1172415abbe3e
at java.base/jdk.internal.reflect.DirectConstructorHandleAccessor.newInstance(DirectConstructorHandleAccessor.java:62)
at java.base/java.lang.reflect.Constructor.newInstanceWithCaller(Constructor.java:502)
at java.base/java.lang.reflect.Constructor.newInstance(Constructor.java:486)
at org.openqa.selenium.remote.ErrorCodec.decode(ErrorCodec.java:167)
at org.openqa.selenium.remote.codec.w3c.W3CHttpResponseCodec.decode(W3CHttpResponseCodec.java:138)
at org.openqa.selenium.remote.codec.w3c.W3CHttpResponseCodec.decode(W3CHttpResponseCodec.java:50)
at org.openqa.selenium.remote.HttpCommandExecutor.execute(HttpCommandExecutor.java:215)
at org.openqa.selenium.remote.service.DriverCommandExecutor.invokeExecute(DriverCommandExecutor.java:216)
at org.openqa.selenium.remote.service.DriverCommandExecutor.execute(DriverCommandExecutor.java:174)
at org.openqa.selenium.remote.RemoteWebDriver.execute(RemoteWebDriver.java:544)
at org.openqa.selenium.remote.RemoteWebElement.execute(RemoteWebElement.java:223)
at org.openqa.selenium.remote.RemoteWebElement.click(RemoteWebElement.java:76)
at java.base/jdk.internal.reflect.DirectMethodHandleAccessor.invoke(DirectMethodHandleAccessor.java:103)
at java.base/java.lang.reflect.Method.invoke(Method.java:580)
at org.openqa.selenium.support.pagefactory.internal.LocatingElementHandler.invoke(LocatingElementHandler.java:51)
at jdk.proxy2/jdk.proxy2.$Proxy14.click(Unknown Source)
at pages.HomePage.Search_Functionality(HomePage.java:95)
at testcases.HomePageTest.Validate_Search_Product_Functionality(HomePageTest.java:65)
at java.base/jdk.internal.reflect.DirectMethodHandleAccessor.invoke(DirectMethodHandleAccessor.java:103)
at java.base/java.lang.reflect.Method.invoke(Method.java:580)
at org.testng.internal.MethodInvocationHelper.invokeMethod(MethodInvocationHelper.java:133)
at org.testng.internal.TestInvoker.invokeMethod(TestInvoker.java:598)
at org.testng.internal.TestInvoker.invokeTestMethod(TestInvoker.java:173)
at org.testng.internal.MethodRunner.runInSequence(MethodRunner.java:46)
at org.testng.internal.TestInvoker$MethodInvocationAgent.invoke(TestInvoker.java:824)
at org.testng.internal.TestInvoker.invokeTestMethods(TestInvoker.java:146)
at org.testng.internal.TestMethodWorker.invokeTestMethods(TestMethodWorker.java:146)
at org.testng.internal.TestMethodWorker.run(TestMethodWorker.java:128)
at java.base/java.util.ArrayList.forEach(ArrayList.java:1596)
at org.testng.TestRunner.privateRun(TestRunner.java:794)
at org.testng.TestRunner.run(TestRunner.java:596)
at org.testng.SuiteRunner.runTest(SuiteRunner.java:377)
at org.testng.SuiteRunner.runSequentially(SuiteRunner.java:371)
at org.testng.SuiteRunner.privateRun(SuiteRunner.java:332)
at org.testng.SuiteRunner.run(SuiteRunner.java:276)
at org.testng.SuiteRunnerWorker.runSuite(SuiteRunnerWorker.java:53)
at org.testng.SuiteRunnerWorker.run(SuiteRunnerWorker.java:96)
at org.testng.TestNG.runSuitesSequentially(TestNG.java:1212)
at org.testng.TestNG.runSuitesLocally(TestNG.java:1134)
at org.testng.TestNG.runSuites(TestNG.java:1063)
at org.testng.TestNG.run(TestNG.java:1031)
at org.testng.remote.AbstractRemoteTestNG.run(AbstractRemoteTestNG.java:115)
at org.testng.remote.RemoteTestNG.initAndRun(RemoteTestNG.java:293)
at org.testng.remote.RemoteTestNG.main(RemoteTestNG.java:91)
]]>
            </full-stacktrace>
          </exception> <!-- org.openqa.selenium.ElementClickInterceptedException -->
          <reporter-output>
          </reporter-output>
        </test-method> <!-- Validate_Search_Product_Functionality -->
        <test-method is-config="true" signature="quit()[pri:0, instance:testcases.HomePageTest@60bd273d]" started-at="2025-08-06T23:13:07 IST" name="quit" finished-at="2025-08-06T23:13:08 IST" duration-ms="1112" status="PASS">
          <reporter-output>
          </reporter-output>
        </test-method> <!-- quit -->
      </class> <!-- testcases.HomePageTest -->
    </test> <!-- Test -->
  </suite> <!-- Check ECom Site -->
</testng-results>
